# JRE version: OpenJDK Runtime Environment (8.0_402-b06) (build 1.8.0_402-b06)
# Java VM: OpenJDK 64-Bit Server VM (25.402-b06 mixed mode windows-amd64 compressed oops)
Heap:
 PSYoungGen      total 111616K, used 8043K [0x00000000e0b80000, 0x00000000e8680000, 0x0000000100000000)
  eden space 98304K, 8% used [0x00000000e0b80000,0x00000000e135ac58,0x00000000e6b80000)
  from space 13312K, 0% used [0x00000000e7980000,0x00000000e7980000,0x00000000e8680000)
  to   space 13824K, 0% used [0x00000000e6b80000,0x00000000e6b80000,0x00000000e7900000)
 ParOldGen       total 75264K, used 24450K [0x00000000a2200000, 0x00000000a6b80000, 0x00000000e0b80000)
  object space 75264K, 32% used [0x00000000a2200000,0x00000000a39e0980,0x00000000a6b80000)
 Metaspace       used 21820K, capacity 22096K, committed 22400K, reserved 1069056K
  class space    used 2742K, capacity 2854K, committed 2944K, reserved 1048576K
GC Heap History (10 events):
Event: 1.084 GC heap before
{Heap before GC invocations=3 (full 0):
 PSYoungGen      total 28160K, used 28144K [0x00000000e0b80000, 0x00000000e4280000, 0x0000000100000000)
  eden space 24576K, 100% used [0x00000000e0b80000,0x00000000e2380000,0x00000000e2380000)
  from space 3584K, 99% used [0x00000000e2700000,0x00000000e2a7c010,0x00000000e2a80000)
  to   space 3584K, 0% used [0x00000000e2380000,0x00000000e2380000,0x00000000e2700000)
 ParOldGen       total 64512K, used 3351K [0x00000000a2200000, 0x00000000a6100000, 0x00000000e0b80000)
  object space 64512K, 5% used [0x00000000a2200000,0x00000000a2545cd0,0x00000000a6100000)
 Metaspace       used 10538K, capacity 10744K, committed 10880K, reserved 1058816K
  class space    used 1238K, capacity 1320K, committed 1408K, reserved 1048576K
Event: 1.089 GC heap after
Heap after GC invocations=3 (full 0):
 PSYoungGen      total 28160K, used 3578K [0x00000000e0b80000, 0x00000000e4280000, 0x0000000100000000)
  eden space 24576K, 0% used [0x00000000e0b80000,0x00000000e0b80000,0x00000000e2380000)
  from space 3584K, 99% used [0x00000000e2380000,0x00000000e26fe930,0x00000000e2700000)
  to   space 3584K, 0% used [0x00000000e3f00000,0x00000000e3f00000,0x00000000e4280000)
 ParOldGen       total 64512K, used 7475K [0x00000000a2200000, 0x00000000a6100000, 0x00000000e0b80000)
  object space 64512K, 11% used [0x00000000a2200000,0x00000000a294cc28,0x00000000a6100000)
 Metaspace       used 10538K, capacity 10744K, committed 10880K, reserved 1058816K
  class space    used 1238K, capacity 1320K, committed 1408K, reserved 1048576K
}
Event: 1.517 GC heap before
{Heap before GC invocations=4 (full 0):
 PSYoungGen      total 28160K, used 28154K [0x00000000e0b80000, 0x00000000e4280000, 0x0000000100000000)
  eden space 24576K, 100% used [0x00000000e0b80000,0x00000000e2380000,0x00000000e2380000)
  from space 3584K, 99% used [0x00000000e2380000,0x00000000e26fe930,0x00000000e2700000)
  to   space 3584K, 0% used [0x00000000e3f00000,0x00000000e3f00000,0x00000000e4280000)
 ParOldGen       total 64512K, used 7475K [0x00000000a2200000, 0x00000000a6100000, 0x00000000e0b80000)
  object space 64512K, 11% used [0x00000000a2200000,0x00000000a294cc28,0x00000000a6100000)
 Metaspace       used 13588K, capacity 13796K, committed 14080K, reserved 1060864K
  class space    used 1671K, capacity 1738K, committed 1792K, reserved 1048576K
Event: 1.523 GC heap after
Heap after GC invocations=4 (full 0):
 PSYoungGen      total 52736K, used 3556K [0x00000000e0b80000, 0x00000000e4280000, 0x0000000100000000)
  eden space 49152K, 0% used [0x00000000e0b80000,0x00000000e0b80000,0x00000000e3b80000)
  from space 3584K, 99% used [0x00000000e3f00000,0x00000000e42790e8,0x00000000e4280000)
  to   space 3584K, 0% used [0x00000000e3b80000,0x00000000e3b80000,0x00000000e3f00000)
 ParOldGen       total 64512K, used 12798K [0x00000000a2200000, 0x00000000a6100000, 0x00000000e0b80000)
  object space 64512K, 19% used [0x00000000a2200000,0x00000000a2e7fb70,0x00000000a6100000)
 Metaspace       used 13588K, capacity 13796K, committed 14080K, reserved 1060864K
  class space    used 1671K, capacity 1738K, committed 1792K, reserved 1048576K
}
Event: 2.454 GC heap before
{Heap before GC invocations=5 (full 0):
 PSYoungGen      total 52736K, used 52708K [0x00000000e0b80000, 0x00000000e4280000, 0x0000000100000000)
  eden space 49152K, 100% used [0x00000000e0b80000,0x00000000e3b80000,0x00000000e3b80000)
  from space 3584K, 99% used [0x00000000e3f00000,0x00000000e42790e8,0x00000000e4280000)
  to   space 3584K, 0% used [0x00000000e3b80000,0x00000000e3b80000,0x00000000e3f00000)
 ParOldGen       total 64512K, used 12798K [0x00000000a2200000, 0x00000000a6100000, 0x00000000e0b80000)
  object space 64512K, 19% used [0x00000000a2200000,0x00000000a2e7fb70,0x00000000a6100000)
 Metaspace       used 19514K, capacity 19754K, committed 20096K, reserved 1067008K
  class space    used 2485K, capacity 2583K, committed 2688K, reserved 1048576K
Event: 2.462 GC heap after
Heap after GC invocations=5 (full 0):
 PSYoungGen      total 52736K, used 3568K [0x00000000e0b80000, 0x00000000e8780000, 0x0000000100000000)
  eden space 49152K, 0% used [0x00000000e0b80000,0x00000000e0b80000,0x00000000e3b80000)
  from space 3584K, 99% used [0x00000000e3b80000,0x00000000e3efc040,0x00000000e3f00000)
  to   space 14336K, 0% used [0x00000000e7980000,0x00000000e7980000,0x00000000e8780000)
 ParOldGen       total 64512K, used 22831K [0x00000000a2200000, 0x00000000a6100000, 0x00000000e0b80000)
  object space 64512K, 35% used [0x00000000a2200000,0x00000000a384bf40,0x00000000a6100000)
 Metaspace       used 19514K, capacity 19754K, committed 20096K, reserved 1067008K
  class space    used 2485K, capacity 2583K, committed 2688K, reserved 1048576K
}
Event: 2.876 GC heap before
{Heap before GC invocations=6 (full 0):
 PSYoungGen      total 52736K, used 22187K [0x00000000e0b80000, 0x00000000e8780000, 0x0000000100000000)
  eden space 49152K, 37% used [0x00000000e0b80000,0x00000000e1daef40,0x00000000e3b80000)
  from space 3584K, 99% used [0x00000000e3b80000,0x00000000e3efc040,0x00000000e3f00000)
  to   space 14336K, 0% used [0x00000000e7980000,0x00000000e7980000,0x00000000e8780000)
 ParOldGen       total 64512K, used 22831K [0x00000000a2200000, 0x00000000a6100000, 0x00000000e0b80000)
  object space 64512K, 35% used [0x00000000a2200000,0x00000000a384bf40,0x00000000a6100000)
 Metaspace       used 20821K, capacity 21060K, committed 21248K, reserved 1067008K
  class space    used 2629K, capacity 2724K, committed 2816K, reserved 1048576K
Event: 2.885 GC heap after
Heap after GC invocations=6 (full 0):
 PSYoungGen      total 111616K, used 6246K [0x00000000e0b80000, 0x00000000e8680000, 0x0000000100000000)
  eden space 98304K, 0% used [0x00000000e0b80000,0x00000000e0b80000,0x00000000e6b80000)
  from space 13312K, 46% used [0x00000000e7980000,0x00000000e7f99a48,0x00000000e8680000)
  to   space 13824K, 0% used [0x00000000e6b80000,0x00000000e6b80000,0x00000000e7900000)
 ParOldGen       total 64512K, used 22839K [0x00000000a2200000, 0x00000000a6100000, 0x00000000e0b80000)
  object space 64512K, 35% used [0x00000000a2200000,0x00000000a384df40,0x00000000a6100000)
 Metaspace       used 20821K, capacity 21060K, committed 21248K, reserved 1067008K
  class space    used 2629K, capacity 2724K, committed 2816K, reserved 1048576K
}
Event: 2.885 GC heap before
{Heap before GC invocations=7 (full 1):
 PSYoungGen      total 111616K, used 6246K [0x00000000e0b80000, 0x00000000e8680000, 0x0000000100000000)
  eden space 98304K, 0% used [0x00000000e0b80000,0x00000000e0b80000,0x00000000e6b80000)
  from space 13312K, 46% used [0x00000000e7980000,0x00000000e7f99a48,0x00000000e8680000)
  to   space 13824K, 0% used [0x00000000e6b80000,0x00000000e6b80000,0x00000000e7900000)
 ParOldGen       total 64512K, used 22839K [0x00000000a2200000, 0x00000000a6100000, 0x00000000e0b80000)
  object space 64512K, 35% used [0x00000000a2200000,0x00000000a384df40,0x00000000a6100000)
 Metaspace       used 20821K, capacity 21060K, committed 21248K, reserved 1067008K
  class space    used 2629K, capacity 2724K, committed 2816K, reserved 1048576K
Event: 2.957 GC heap after
Heap after GC invocations=7 (full 1):
 PSYoungGen      total 111616K, used 0K [0x00000000e0b80000, 0x00000000e8680000, 0x0000000100000000)
  eden space 98304K, 0% used [0x00000000e0b80000,0x00000000e0b80000,0x00000000e6b80000)
  from space 13312K, 0% used [0x00000000e7980000,0x00000000e7980000,0x00000000e8680000)
  to   space 13824K, 0% used [0x00000000e6b80000,0x00000000e6b80000,0x00000000e7900000)
 ParOldGen       total 75264K, used 24450K [0x00000000a2200000, 0x00000000a6b80000, 0x00000000e0b80000)
  object space 75264K, 32% used [0x00000000a2200000,0x00000000a39e0980,0x00000000a6b80000)
 Metaspace       used 20821K, capacity 21060K, committed 21248K, reserved 1067008K
  class space    used 2629K, capacity 2724K, committed 2816K, reserved 1048576K
}

