# JRE version: OpenJDK Runtime Environment (8.0_402-b06) (build 1.8.0_402-b06)
# Java VM: OpenJDK 64-Bit Server VM (25.402-b06 mixed mode windows-amd64 compressed oops)
Heap:
 PSYoungGen      total 111616K, used 9235K [0x00000000e0b80000, 0x00000000e8680000, 0x0000000100000000)
  eden space 98304K, 9% used [0x00000000e0b80000,0x00000000e1484fd8,0x00000000e6b80000)
  from space 13312K, 0% used [0x00000000e7980000,0x00000000e7980000,0x00000000e8680000)
  to   space 13824K, 0% used [0x00000000e6b80000,0x00000000e6b80000,0x00000000e7900000)
 ParOldGen       total 70144K, used 23023K [0x00000000a2200000, 0x00000000a6680000, 0x00000000e0b80000)
  object space 70144K, 32% used [0x00000000a2200000,0x00000000a387bc88,0x00000000a6680000)
 Metaspace       used 22026K, capacity 22302K, committed 22656K, reserved 1069056K
  class space    used 2753K, capacity 2819K, committed 2944K, reserved 1048576K
GC Heap History (10 events):
Event: 1.186 GC heap before
{Heap before GC invocations=3 (full 0):
 PSYoungGen      total 28160K, used 28134K [0x00000000e0b80000, 0x00000000e4280000, 0x0000000100000000)
  eden space 24576K, 100% used [0x00000000e0b80000,0x00000000e2380000,0x00000000e2380000)
  from space 3584K, 99% used [0x00000000e2700000,0x00000000e2a79878,0x00000000e2a80000)
  to   space 3584K, 0% used [0x00000000e2380000,0x00000000e2380000,0x00000000e2700000)
 ParOldGen       total 64512K, used 3320K [0x00000000a2200000, 0x00000000a6100000, 0x00000000e0b80000)
  object space 64512K, 5% used [0x00000000a2200000,0x00000000a253e040,0x00000000a6100000)
 Metaspace       used 10575K, capacity 10744K, committed 10880K, reserved 1058816K
  class space    used 1246K, capacity 1320K, committed 1408K, reserved 1048576K
Event: 1.193 GC heap after
Heap after GC invocations=3 (full 0):
 PSYoungGen      total 28160K, used 3574K [0x00000000e0b80000, 0x00000000e4280000, 0x0000000100000000)
  eden space 24576K, 0% used [0x00000000e0b80000,0x00000000e0b80000,0x00000000e2380000)
  from space 3584K, 99% used [0x00000000e2380000,0x00000000e26fd898,0x00000000e2700000)
  to   space 3584K, 0% used [0x00000000e3f00000,0x00000000e3f00000,0x00000000e4280000)
 ParOldGen       total 64512K, used 7511K [0x00000000a2200000, 0x00000000a6100000, 0x00000000e0b80000)
  object space 64512K, 11% used [0x00000000a2200000,0x00000000a2955c00,0x00000000a6100000)
 Metaspace       used 10575K, capacity 10744K, committed 10880K, reserved 1058816K
  class space    used 1246K, capacity 1320K, committed 1408K, reserved 1048576K
}
Event: 1.747 GC heap before
{Heap before GC invocations=4 (full 0):
 PSYoungGen      total 28160K, used 28150K [0x00000000e0b80000, 0x00000000e4280000, 0x0000000100000000)
  eden space 24576K, 100% used [0x00000000e0b80000,0x00000000e2380000,0x00000000e2380000)
  from space 3584K, 99% used [0x00000000e2380000,0x00000000e26fd898,0x00000000e2700000)
  to   space 3584K, 0% used [0x00000000e3f00000,0x00000000e3f00000,0x00000000e4280000)
 ParOldGen       total 64512K, used 7511K [0x00000000a2200000, 0x00000000a6100000, 0x00000000e0b80000)
  object space 64512K, 11% used [0x00000000a2200000,0x00000000a2955c00,0x00000000a6100000)
 Metaspace       used 13587K, capacity 13796K, committed 14080K, reserved 1060864K
  class space    used 1670K, capacity 1738K, committed 1792K, reserved 1048576K
Event: 1.753 GC heap after
Heap after GC invocations=4 (full 0):
 PSYoungGen      total 52736K, used 3553K [0x00000000e0b80000, 0x00000000e4280000, 0x0000000100000000)
  eden space 49152K, 0% used [0x00000000e0b80000,0x00000000e0b80000,0x00000000e3b80000)
  from space 3584K, 99% used [0x00000000e3f00000,0x00000000e4278460,0x00000000e4280000)
  to   space 3584K, 0% used [0x00000000e3b80000,0x00000000e3b80000,0x00000000e3f00000)
 ParOldGen       total 64512K, used 12825K [0x00000000a2200000, 0x00000000a6100000, 0x00000000e0b80000)
  object space 64512K, 19% used [0x00000000a2200000,0x00000000a2e865a8,0x00000000a6100000)
 Metaspace       used 13587K, capacity 13796K, committed 14080K, reserved 1060864K
  class space    used 1670K, capacity 1738K, committed 1792K, reserved 1048576K
}
Event: 3.078 GC heap before
{Heap before GC invocations=5 (full 0):
 PSYoungGen      total 52736K, used 52705K [0x00000000e0b80000, 0x00000000e4280000, 0x0000000100000000)
  eden space 49152K, 100% used [0x00000000e0b80000,0x00000000e3b80000,0x00000000e3b80000)
  from space 3584K, 99% used [0x00000000e3f00000,0x00000000e4278460,0x00000000e4280000)
  to   space 3584K, 0% used [0x00000000e3b80000,0x00000000e3b80000,0x00000000e3f00000)
 ParOldGen       total 64512K, used 12825K [0x00000000a2200000, 0x00000000a6100000, 0x00000000e0b80000)
  object space 64512K, 19% used [0x00000000a2200000,0x00000000a2e865a8,0x00000000a6100000)
 Metaspace       used 19510K, capacity 19754K, committed 20096K, reserved 1067008K
  class space    used 2481K, capacity 2583K, committed 2688K, reserved 1048576K
Event: 3.087 GC heap after
Heap after GC invocations=5 (full 0):
 PSYoungGen      total 52736K, used 3579K [0x00000000e0b80000, 0x00000000e8780000, 0x0000000100000000)
  eden space 49152K, 0% used [0x00000000e0b80000,0x00000000e0b80000,0x00000000e3b80000)
  from space 3584K, 99% used [0x00000000e3b80000,0x00000000e3efec28,0x00000000e3f00000)
  to   space 14336K, 0% used [0x00000000e7980000,0x00000000e7980000,0x00000000e8780000)
 ParOldGen       total 64512K, used 23041K [0x00000000a2200000, 0x00000000a6100000, 0x00000000e0b80000)
  object space 64512K, 35% used [0x00000000a2200000,0x00000000a3880660,0x00000000a6100000)
 Metaspace       used 19510K, capacity 19754K, committed 20096K, reserved 1067008K
  class space    used 2481K, capacity 2583K, committed 2688K, reserved 1048576K
}
Event: 3.433 GC heap before
{Heap before GC invocations=6 (full 0):
 PSYoungGen      total 52736K, used 22109K [0x00000000e0b80000, 0x00000000e8780000, 0x0000000100000000)
  eden space 49152K, 37% used [0x00000000e0b80000,0x00000000e1d98b50,0x00000000e3b80000)
  from space 3584K, 99% used [0x00000000e3b80000,0x00000000e3efec28,0x00000000e3f00000)
  to   space 14336K, 0% used [0x00000000e7980000,0x00000000e7980000,0x00000000e8780000)
 ParOldGen       total 64512K, used 23041K [0x00000000a2200000, 0x00000000a6100000, 0x00000000e0b80000)
  object space 64512K, 35% used [0x00000000a2200000,0x00000000a3880660,0x00000000a6100000)
 Metaspace       used 20818K, capacity 21054K, committed 21248K, reserved 1067008K
  class space    used 2627K, capacity 2723K, committed 2816K, reserved 1048576K
Event: 3.439 GC heap after
Heap after GC invocations=6 (full 0):
 PSYoungGen      total 111616K, used 6437K [0x00000000e0b80000, 0x00000000e8680000, 0x0000000100000000)
  eden space 98304K, 0% used [0x00000000e0b80000,0x00000000e0b80000,0x00000000e6b80000)
  from space 13312K, 48% used [0x00000000e7980000,0x00000000e7fc96e8,0x00000000e8680000)
  to   space 13824K, 0% used [0x00000000e6b80000,0x00000000e6b80000,0x00000000e7900000)
 ParOldGen       total 64512K, used 23049K [0x00000000a2200000, 0x00000000a6100000, 0x00000000e0b80000)
  object space 64512K, 35% used [0x00000000a2200000,0x00000000a3882660,0x00000000a6100000)
 Metaspace       used 20818K, capacity 21054K, committed 21248K, reserved 1067008K
  class space    used 2627K, capacity 2723K, committed 2816K, reserved 1048576K
}
Event: 3.439 GC heap before
{Heap before GC invocations=7 (full 1):
 PSYoungGen      total 111616K, used 6437K [0x00000000e0b80000, 0x00000000e8680000, 0x0000000100000000)
  eden space 98304K, 0% used [0x00000000e0b80000,0x00000000e0b80000,0x00000000e6b80000)
  from space 13312K, 48% used [0x00000000e7980000,0x00000000e7fc96e8,0x00000000e8680000)
  to   space 13824K, 0% used [0x00000000e6b80000,0x00000000e6b80000,0x00000000e7900000)
 ParOldGen       total 64512K, used 23049K [0x00000000a2200000, 0x00000000a6100000, 0x00000000e0b80000)
  object space 64512K, 35% used [0x00000000a2200000,0x00000000a3882660,0x00000000a6100000)
 Metaspace       used 20818K, capacity 21054K, committed 21248K, reserved 1067008K
  class space    used 2627K, capacity 2723K, committed 2816K, reserved 1048576K
Event: 3.486 GC heap after
Heap after GC invocations=7 (full 1):
 PSYoungGen      total 111616K, used 0K [0x00000000e0b80000, 0x00000000e8680000, 0x0000000100000000)
  eden space 98304K, 0% used [0x00000000e0b80000,0x00000000e0b80000,0x00000000e6b80000)
  from space 13312K, 0% used [0x00000000e7980000,0x00000000e7980000,0x00000000e8680000)
  to   space 13824K, 0% used [0x00000000e6b80000,0x00000000e6b80000,0x00000000e7900000)
 ParOldGen       total 70144K, used 23023K [0x00000000a2200000, 0x00000000a6680000, 0x00000000e0b80000)
  object space 70144K, 32% used [0x00000000a2200000,0x00000000a387bc88,0x00000000a6680000)
 Metaspace       used 20818K, capacity 21054K, committed 21248K, reserved 1067008K
  class space    used 2627K, capacity 2723K, committed 2816K, reserved 1048576K
}

